start: s
accept: ac
reject: rj
blank: _

s 0 -> ac 0 ^
s 1 -> s 1 <
s 2 -> s 2 <
s _ -> add = <

add = -> add = <
add 0 -> end 1 >
add 1 -> add 0 <
add _ -> end 1 >

end = -> end = >
end 0 -> end 0 >
end 1 -> end 1 >
end 2 -> end 2 >
end _ -> sub _ <

sub 0 -> sub 2 <
sub 1 -> left 0 <
sub 2 -> left 1 <

left = -> right = >
left 0 -> left 0 <
left 1 -> left 1 <
left 2 -> left 2 <

right 0 -> right = >
right 1 -> add 1 <
right 2 -> add 2 <
right _ -> clear _ <

clear = -> clear _ <
clear 0 -> clear 0 <
clear 1 -> clear 1 <
clear _ -> ac _ >