2

S 0 _ -> S _ > 0 ^
S 1 _ -> S _ > 1 ^
S ( _ -> S _ > ( >

S o 0 -> S _ > _ ^
S a 0 -> A _ > _ ^
S ) 0 -> C 0 ^ _ <

S o 1 -> O _ > _ ^
S a 1 -> S _ > _ ^
S ) 1 -> C 1 ^ _ <

S _ 0 -> AC 0 ^ _ ^
S _ 1 -> AC 1 ^ _ ^

C 0 ( -> S 0 ^ _ ^
C 1 ( -> S 1 ^ _ ^

A 0 _ -> A _ > _ ^
A 1 _ -> A _ > _ ^
A o _ -> S _ > _ ^
A a _ -> A _ > _ ^
A ( _ -> D _ > a >
A ) _ -> C 0 ^ _ <
A _ _ -> AC 0 ^ _ ^

O 0 _ -> O _ > _ ^
O 1 _ -> O _ > _ ^
O o _ -> O _ > _ ^
O a _ -> O _ > _ ^
O ( _ -> D _ > o >
O ) _ -> C 1 ^ _ <
O _ _ -> AC 1 ^ _ ^

D 0 _ -> D _ > _ ^
D 1 _ -> D _ > _ ^
D o _ -> D _ > _ ^
D a _ -> D _ > _ ^
D ( _ -> D _ > ( >
D ) _ -> D _ ^ _ <

D _ o -> O _ > _ ^
D _ a -> A _ > _ ^
D _ ( -> D _ > _ ^
